Starting the New Relic Agent
  [4;36;1mSQL (0.3ms)[0m   [0;1m SELECT name
 FROM sqlite_master
 WHERE type = 'table' AND NOT name = 'sqlite_sequence'
[0m
** [Hoptoad] Notifier 1.2.4 ready to catch errors


Processing MainPagesController#home (for 127.0.0.1 at 2009-11-09 14:50:40) [GET]
  Parameters: {"action"=>"home", "controller"=>"main_pages"}
Rendering template within layouts/template
Rendering main_pages/home
Completed in 57ms (View: 57, DB: 0) | 200 OK [http://0.0.0.0/]


Processing SessionsController#new (for 127.0.0.1 at 2009-11-09 14:50:46) [GET]
  Parameters: {"action"=>"new", "controller"=>"sessions"}
Rendering template within layouts/template
Rendering sessions/new
Completed in 8ms (View: 8, DB: 0) | 200 OK [http://0.0.0.0/login]


Processing SessionsController#create (for 127.0.0.1 at 2009-11-09 14:50:53) [POST]
  Parameters: {"commit"=>"Login", "action"=>"create", "authenticity_token"=>"4KqN2UoxzGl4mCbY7+38Mq0Rfpt97o1slW3eGJKLV14=", "controller"=>"sessions", "login"=>"mcmaloney", "password"=>"[FILTERED]"}
  [4;35;1mUser Load (0.0ms)[0m   [0mSQLite3::SQLException: no such table: users: SELECT * FROM "users" WHERE (login = 'mcmaloney' and activated_at IS NOT NULL) LIMIT 1[0m

ActiveRecord::StatementInvalid (SQLite3::SQLException: no such table: users: SELECT * FROM "users" WHERE (login = 'mcmaloney' and activated_at IS NOT NULL)  LIMIT 1):
  app/models/user.rb:107:in `authenticate'
  app/controllers/sessions_controller.rb:11:in `create'

Rendered rescues/_trace (38.8ms)
Rendered rescues/_request_and_response (1.5ms)
Rendering rescues/layout (internal_server_error)


Processing UsersController#new (for 127.0.0.1 at 2009-11-09 14:51:02) [GET]
  Parameters: {"action"=>"new", "controller"=>"users"}

ActiveRecord::StatementInvalid (Could not find table 'users'):
  app/controllers/users_controller.rb:8:in `new'
  app/controllers/users_controller.rb:8:in `new'

Rendered rescues/_trace (110.7ms)
Rendered rescues/_request_and_response (0.4ms)
Rendering rescues/layout (internal_server_error)
New Relic Agent not running
** [Hoptoad] Notifier 1.2.4 ready to catch errors
  [4;36;1mSQL (0.2ms)[0m   [0;1m SELECT name
 FROM sqlite_master
 WHERE type = 'table' AND NOT name = 'sqlite_sequence'
[0m
  [4;35;1mSQL (0.1ms)[0m   [0mselect sqlite_version(*)[0m
  [4;36;1mSQL (1.2ms)[0m   [0;1mCREATE TABLE "schema_migrations" ("version" varchar(255) NOT NULL) [0m
  [4;35;1mSQL (1.0ms)[0m   [0mCREATE UNIQUE INDEX "unique_schema_migrations" ON "schema_migrations" ("version")[0m
  [4;36;1mSQL (0.1ms)[0m   [0;1m SELECT name
 FROM sqlite_master
 WHERE type = 'table' AND NOT name = 'sqlite_sequence'
[0m
  [4;35;1mSQL (0.1ms)[0m   [0mSELECT version FROM schema_migrations[0m
Migrating to CreateUsers (20090718215859)
  [4;36;1mSQL (0.2ms)[0m   [0;1m SELECT name
 FROM sqlite_master
 WHERE type = 'table' AND NOT name = 'sqlite_sequence'
[0m
  [4;35;1mSQL (0.4ms)[0m   [0mCREATE TABLE "users" ("id" INTEGER PRIMARY KEY AUTOINCREMENT NOT NULL, "login" varchar(40), "name" varchar(100) DEFAULT '', "email" varchar(100), "crypted_password" varchar(40), "salt" varchar(40), "created_at" datetime, "updated_at" datetime, "remember_token" varchar(40), "remember_token_expires_at" datetime, "activation_code" varchar(40), "activated_at" datetime) [0m
  [4;36;1mSQL (0.4ms)[0m   [0;1mCREATE UNIQUE INDEX "index_users_on_login" ON "users" ("login")[0m
  [4;35;1mSQL (0.1ms)[0m   [0mINSERT INTO schema_migrations (version) VALUES ('20090718215859')[0m
Migrating to AddInfoToUsers (20090718220754)
  [4;36;1mSQL (0.4ms)[0m   [0;1mALTER TABLE "users" ADD "first_name" varchar(255)[0m
  [4;35;1mSQL (0.2ms)[0m   [0mALTER TABLE "users" ADD "last_name" varchar(255)[0m
  [4;36;1mSQL (0.2ms)[0m   [0;1mALTER TABLE "users" ADD "type" integer DEFAULT 1[0m
  [4;35;1mSQL (0.2ms)[0m   [0mALTER TABLE "users" ADD "about_me" text[0m
  [4;36;1mSQL (0.2ms)[0m   [0;1mALTER TABLE "users" ADD "tag_line" varchar(500)[0m
  [4;35;1mSQL (0.2ms)[0m   [0mALTER TABLE "users" ADD "design_type" integer[0m
  [4;36;1mSQL (0.1ms)[0m   [0;1mINSERT INTO schema_migrations (version) VALUES ('20090718220754')[0m
Migrating to CreatePortfolios (20090719031854)
  [4;35;1mSQL (0.3ms)[0m   [0mCREATE TABLE "portfolios" ("id" INTEGER PRIMARY KEY AUTOINCREMENT NOT NULL, "user_id" integer, "created_at" datetime, "updated_at" datetime) [0m
  [4;36;1mSQL (0.2ms)[0m   [0;1mINSERT INTO schema_migrations (version) VALUES ('20090719031854')[0m
Migrating to RemoveTypeFromUsers (20090719032358)
  [4;35;1mSQL (1.7ms)[0m   [0mCREATE TEMPORARY TABLE "altered_users" ("id" INTEGER PRIMARY KEY AUTOINCREMENT NOT NULL, "login" varchar(40), "name" varchar(100) DEFAULT '', "email" varchar(100), "crypted_password" varchar(40), "salt" varchar(40), "created_at" datetime, "updated_at" datetime, "remember_token" varchar(40), "remember_token_expires_at" datetime, "activation_code" varchar(40), "activated_at" datetime, "first_name" varchar(255), "last_name" varchar(255), "type" integer DEFAULT 1, "about_me" text, "tag_line" varchar(500), "design_type" integer) [0m
  [4;36;1mSQL (0.1ms)[0m   [0;1mPRAGMA index_list("users")[0m
  [4;35;1mSQL (0.1ms)[0m   [0mPRAGMA index_info('index_users_on_login')[0m
  [4;36;1mSQL (0.6ms)[0m   [0;1mCREATE UNIQUE INDEX "temp_index_altered_users_on_login" ON "altered_users" ("login")[0m
  [4;35;1mSQL (0.4ms)[0m   [0mDROP TABLE "users"[0m
  [4;36;1mSQL (0.2ms)[0m   [0;1mCREATE TABLE "users" ("id" INTEGER PRIMARY KEY AUTOINCREMENT NOT NULL, "login" varchar(40), "name" varchar(100) DEFAULT '', "email" varchar(100), "crypted_password" varchar(40), "salt" varchar(40), "created_at" datetime, "updated_at" datetime, "remember_token" varchar(40), "remember_token_expires_at" datetime, "activation_code" varchar(40), "activated_at" datetime, "first_name" varchar(255), "last_name" varchar(255), "about_me" text, "tag_line" varchar(500), "design_type" integer) [0m
  [4;35;1mSQL (0.1ms)[0m   [0mPRAGMA index_list("altered_users")[0m
  [4;36;1mSQL (0.1ms)[0m   [0;1mPRAGMA index_info('temp_index_altered_users_on_login')[0m
  [4;35;1mSQL (0.4ms)[0m   [0mCREATE UNIQUE INDEX "index_users_on_login" ON "users" ("login")[0m
  [4;36;1mSQL (0.1ms)[0m   [0;1mDROP TABLE "altered_users"[0m
  [4;35;1mSQL (0.1ms)[0m   [0mINSERT INTO schema_migrations (version) VALUES ('20090719032358')[0m
Migrating to AddAccountTierToUsers (20090719032501)
  [4;36;1mSQL (0.4ms)[0m   [0;1mALTER TABLE "users" ADD "account_tier" integer DEFAULT 1[0m
  [4;35;1mSQL (0.1ms)[0m   [0mINSERT INTO schema_migrations (version) VALUES ('20090719032501')[0m
Migrating to CreatePieces (20090720145132)
  [4;36;1mSQL (0.4ms)[0m   [0;1mCREATE TABLE "pieces" ("id" INTEGER PRIMARY KEY AUTOINCREMENT NOT NULL, "title" varchar(255), "description" varchar(255), "price" decimal(10,2), "for_sale" boolean, "portfolio_id" integer, "created_at" datetime, "updated_at" datetime) [0m
  [4;35;1mSQL (0.1ms)[0m   [0mINSERT INTO schema_migrations (version) VALUES ('20090720145132')[0m
Migrating to AddAvatarToUsers (20090720151551)
  [4;36;1mSQL (0.3ms)[0m   [0;1mALTER TABLE "users" ADD "photo_file_name" varchar(255)[0m
  [4;35;1mSQL (0.2ms)[0m   [0mALTER TABLE "users" ADD "photo_content_type" varchar(255)[0m
  [4;36;1mSQL (0.2ms)[0m   [0;1mALTER TABLE "users" ADD "photo_file_size" integer[0m
  [4;35;1mSQL (0.1ms)[0m   [0mINSERT INTO schema_migrations (version) VALUES ('20090720151551')[0m
Migrating to RemoveAvatarFromUsers (20090720202141)
  [4;36;1mSQL (0.3ms)[0m   [0;1mCREATE TEMPORARY TABLE "altered_users" ("id" INTEGER PRIMARY KEY AUTOINCREMENT NOT NULL, "login" varchar(40), "name" varchar(100) DEFAULT '', "email" varchar(100), "crypted_password" varchar(40), "salt" varchar(40), "created_at" datetime, "updated_at" datetime, "remember_token" varchar(40), "remember_token_expires_at" datetime, "activation_code" varchar(40), "activated_at" datetime, "first_name" varchar(255), "last_name" varchar(255), "about_me" text, "tag_line" varchar(500), "design_type" integer, "account_tier" integer DEFAULT 1, "photo_file_name" varchar(255), "photo_content_type" varchar(255), "photo_file_size" integer) [0m
  [4;35;1mSQL (0.1ms)[0m   [0mPRAGMA index_list("users")[0m
  [4;36;1mSQL (0.1ms)[0m   [0;1mPRAGMA index_info('index_users_on_login')[0m
  [4;35;1mSQL (0.1ms)[0m   [0mCREATE UNIQUE INDEX "temp_index_altered_users_on_login" ON "altered_users" ("login")[0m
  [4;36;1mSQL (0.3ms)[0m   [0;1mDROP TABLE "users"[0m
  [4;35;1mSQL (0.3ms)[0m   [0mCREATE TABLE "users" ("id" INTEGER PRIMARY KEY AUTOINCREMENT NOT NULL, "login" varchar(40), "name" varchar(100) DEFAULT '', "email" varchar(100), "crypted_password" varchar(40), "salt" varchar(40), "created_at" datetime, "updated_at" datetime, "remember_token" varchar(40), "remember_token_expires_at" datetime, "activation_code" varchar(40), "activated_at" datetime, "first_name" varchar(255), "last_name" varchar(255), "about_me" text, "tag_line" varchar(500), "design_type" integer, "account_tier" integer DEFAULT 1, "photo_file_name" varchar(255), "photo_content_type" varchar(255)) [0m
  [4;36;1mSQL (0.1ms)[0m   [0;1mPRAGMA index_list("altered_users")[0m
  [4;35;1mSQL (0.1ms)[0m   [0mPRAGMA index_info('temp_index_altered_users_on_login')[0m
  [4;36;1mSQL (0.4ms)[0m   [0;1mCREATE UNIQUE INDEX "index_users_on_login" ON "users" ("login")[0m
  [4;35;1mSQL (0.1ms)[0m   [0mDROP TABLE "altered_users"[0m
  [4;36;1mSQL (0.2ms)[0m   [0;1mCREATE TEMPORARY TABLE "altered_users" ("id" INTEGER PRIMARY KEY AUTOINCREMENT NOT NULL, "login" varchar(40), "name" varchar(100) DEFAULT '', "email" varchar(100), "crypted_password" varchar(40), "salt" varchar(40), "created_at" datetime, "updated_at" datetime, "remember_token" varchar(40), "remember_token_expires_at" datetime, "activation_code" varchar(40), "activated_at" datetime, "first_name" varchar(255), "last_name" varchar(255), "about_me" text, "tag_line" varchar(500), "design_type" integer, "account_tier" integer DEFAULT 1, "photo_file_name" varchar(255), "photo_content_type" varchar(255)) [0m
  [4;35;1mSQL (0.1ms)[0m   [0mPRAGMA index_list("users")[0m
  [4;36;1mSQL (0.1ms)[0m   [0;1mPRAGMA index_info('index_users_on_login')[0m
  [4;35;1mSQL (0.1ms)[0m   [0mCREATE UNIQUE INDEX "temp_index_altered_users_on_login" ON "altered_users" ("login")[0m
  [4;36;1mSQL (0.1ms)[0m   [0;1mDROP TABLE "users"[0m
  [4;35;1mSQL (0.2ms)[0m   [0mCREATE TABLE "users" ("id" INTEGER PRIMARY KEY AUTOINCREMENT NOT NULL, "login" varchar(40), "name" varchar(100) DEFAULT '', "email" varchar(100), "crypted_password" varchar(40), "salt" varchar(40), "created_at" datetime, "updated_at" datetime, "remember_token" varchar(40), "remember_token_expires_at" datetime, "activation_code" varchar(40), "activated_at" datetime, "first_name" varchar(255), "last_name" varchar(255), "about_me" text, "tag_line" varchar(500), "design_type" integer, "account_tier" integer DEFAULT 1, "photo_file_name" varchar(255)) [0m
  [4;36;1mSQL (0.1ms)[0m   [0;1mPRAGMA index_list("altered_users")[0m
  [4;35;1mSQL (0.1ms)[0m   [0mPRAGMA index_info('temp_index_altered_users_on_login')[0m
  [4;36;1mSQL (0.1ms)[0m   [0;1mCREATE UNIQUE INDEX "index_users_on_login" ON "users" ("login")[0m
  [4;35;1mSQL (0.1ms)[0m   [0mDROP TABLE "altered_users"[0m
  [4;36;1mSQL (0.2ms)[0m   [0;1mCREATE TEMPORARY TABLE "altered_users" ("id" INTEGER PRIMARY KEY AUTOINCREMENT NOT NULL, "login" varchar(40), "name" varchar(100) DEFAULT '', "email" varchar(100), "crypted_password" varchar(40), "salt" varchar(40), "created_at" datetime, "updated_at" datetime, "remember_token" varchar(40), "remember_token_expires_at" datetime, "activation_code" varchar(40), "activated_at" datetime, "first_name" varchar(255), "last_name" varchar(255), "about_me" text, "tag_line" varchar(500), "design_type" integer, "account_tier" integer DEFAULT 1, "photo_file_name" varchar(255)) [0m
  [4;35;1mSQL (0.1ms)[0m   [0mPRAGMA index_list("users")[0m
  [4;36;1mSQL (0.1ms)[0m   [0;1mPRAGMA index_info('index_users_on_login')[0m
  [4;35;1mSQL (0.1ms)[0m   [0mCREATE UNIQUE INDEX "temp_index_altered_users_on_login" ON "altered_users" ("login")[0m
  [4;36;1mSQL (0.1ms)[0m   [0;1mDROP TABLE "users"[0m
  [4;35;1mSQL (0.2ms)[0m   [0mCREATE TABLE "users" ("id" INTEGER PRIMARY KEY AUTOINCREMENT NOT NULL, "login" varchar(40), "name" varchar(100) DEFAULT '', "email" varchar(100), "crypted_password" varchar(40), "salt" varchar(40), "created_at" datetime, "updated_at" datetime, "remember_token" varchar(40), "remember_token_expires_at" datetime, "activation_code" varchar(40), "activated_at" datetime, "first_name" varchar(255), "last_name" varchar(255), "about_me" text, "tag_line" varchar(500), "design_type" integer, "account_tier" integer DEFAULT 1) [0m
  [4;36;1mSQL (0.1ms)[0m   [0;1mPRAGMA index_list("altered_users")[0m
  [4;35;1mSQL (0.1ms)[0m   [0mPRAGMA index_info('temp_index_altered_users_on_login')[0m
  [4;36;1mSQL (0.1ms)[0m   [0;1mCREATE UNIQUE INDEX "index_users_on_login" ON "users" ("login")[0m
  [4;35;1mSQL (0.1ms)[0m   [0mDROP TABLE "altered_users"[0m
  [4;36;1mSQL (0.1ms)[0m   [0;1mINSERT INTO schema_migrations (version) VALUES ('20090720202141')[0m
Migrating to AddAvatarToUsersForReal (20090720202338)
  [4;35;1mSQL (0.4ms)[0m   [0mALTER TABLE "users" ADD "avatar_file_name" varchar(255)[0m
  [4;36;1mSQL (0.2ms)[0m   [0;1mALTER TABLE "users" ADD "avatar_content_type" varchar(255)[0m
  [4;35;1mSQL (0.2ms)[0m   [0mALTER TABLE "users" ADD "avatar_file_size" integer[0m
  [4;36;1mSQL (0.1ms)[0m   [0;1mINSERT INTO schema_migrations (version) VALUES ('20090720202338')[0m
Migrating to PleaseWorkPaperclipYouMotherfucker (20090721033045)
  [4;35;1mSQL (0.3ms)[0m   [0mCREATE TEMPORARY TABLE "altered_users" ("id" INTEGER PRIMARY KEY AUTOINCREMENT NOT NULL, "login" varchar(40), "name" varchar(100) DEFAULT '', "email" varchar(100), "crypted_password" varchar(40), "salt" varchar(40), "created_at" datetime, "updated_at" datetime, "remember_token" varchar(40), "remember_token_expires_at" datetime, "activation_code" varchar(40), "activated_at" datetime, "first_name" varchar(255), "last_name" varchar(255), "about_me" text, "tag_line" varchar(500), "design_type" integer, "account_tier" integer DEFAULT 1, "avatar_file_name" varchar(255), "avatar_content_type" varchar(255), "avatar_file_size" integer) [0m
  [4;36;1mSQL (0.1ms)[0m   [0;1mPRAGMA index_list("users")[0m
  [4;35;1mSQL (0.1ms)[0m   [0mPRAGMA index_info('index_users_on_login')[0m
  [4;36;1mSQL (0.1ms)[0m   [0;1mCREATE UNIQUE INDEX "temp_index_altered_users_on_login" ON "altered_users" ("login")[0m
  [4;35;1mSQL (0.3ms)[0m   [0mDROP TABLE "users"[0m
  [4;36;1mSQL (0.2ms)[0m   [0;1mCREATE TABLE "users" ("id" INTEGER PRIMARY KEY AUTOINCREMENT NOT NULL, "login" varchar(40), "name" varchar(100) DEFAULT '', "email" varchar(100), "crypted_password" varchar(40), "salt" varchar(40), "created_at" datetime, "updated_at" datetime, "remember_token" varchar(40), "remember_token_expires_at" datetime, "activation_code" varchar(40), "activated_at" datetime, "first_name" varchar(255), "last_name" varchar(255), "about_me" text, "tag_line" varchar(500), "design_type" integer, "account_tier" integer DEFAULT 1, "avatar_content_type" varchar(255), "avatar_file_size" integer) [0m
  [4;35;1mSQL (0.1ms)[0m   [0mPRAGMA index_list("altered_users")[0m
  [4;36;1mSQL (0.1ms)[0m   [0;1mPRAGMA index_info('temp_index_altered_users_on_login')[0m
  [4;35;1mSQL (0.3ms)[0m   [0mCREATE UNIQUE INDEX "index_users_on_login" ON "users" ("login")[0m
  [4;36;1mSQL (0.1ms)[0m   [0;1mDROP TABLE "altered_users"[0m
  [4;35;1mSQL (0.2ms)[0m   [0mCREATE TEMPORARY TABLE "altered_users" ("id" INTEGER PRIMARY KEY AUTOINCREMENT NOT NULL, "login" varchar(40), "name" varchar(100) DEFAULT '', "email" varchar(100), "crypted_password" varchar(40), "salt" varchar(40), "created_at" datetime, "updated_at" datetime, "remember_token" varchar(40), "remember_token_expires_at" datetime, "activation_code" varchar(40), "activated_at" datetime, "first_name" varchar(255), "last_name" varchar(255), "about_me" text, "tag_line" varchar(500), "design_type" integer, "account_tier" integer DEFAULT 1, "avatar_content_type" varchar(255), "avatar_file_size" integer) [0m
  [4;36;1mSQL (0.1ms)[0m   [0;1mPRAGMA index_list("users")[0m
  [4;35;1mSQL (0.1ms)[0m   [0mPRAGMA index_info('index_users_on_login')[0m
  [4;36;1mSQL (0.1ms)[0m   [0;1mCREATE UNIQUE INDEX "temp_index_altered_users_on_login" ON "altered_users" ("login")[0m
  [4;35;1mSQL (0.1ms)[0m   [0mDROP TABLE "users"[0m
  [4;36;1mSQL (0.2ms)[0m   [0;1mCREATE TABLE "users" ("id" INTEGER PRIMARY KEY AUTOINCREMENT NOT NULL, "login" varchar(40), "name" varchar(100) DEFAULT '', "email" varchar(100), "crypted_password" varchar(40), "salt" varchar(40), "created_at" datetime, "updated_at" datetime, "remember_token" varchar(40), "remember_token_expires_at" datetime, "activation_code" varchar(40), "activated_at" datetime, "first_name" varchar(255), "last_name" varchar(255), "about_me" text, "tag_line" varchar(500), "design_type" integer, "account_tier" integer DEFAULT 1, "avatar_file_size" integer) [0m
  [4;35;1mSQL (0.1ms)[0m   [0mPRAGMA index_list("altered_users")[0m
  [4;36;1mSQL (0.1ms)[0m   [0;1mPRAGMA index_info('temp_index_altered_users_on_login')[0m
  [4;35;1mSQL (0.3ms)[0m   [0mCREATE UNIQUE INDEX "index_users_on_login" ON "users" ("login")[0m
  [4;36;1mSQL (0.1ms)[0m   [0;1mDROP TABLE "altered_users"[0m
  [4;35;1mSQL (0.2ms)[0m   [0mCREATE TEMPORARY TABLE "altered_users" ("id" INTEGER PRIMARY KEY AUTOINCREMENT NOT NULL, "login" varchar(40), "name" varchar(100) DEFAULT '', "email" varchar(100), "crypted_password" varchar(40), "salt" varchar(40), "created_at" datetime, "updated_at" datetime, "remember_token" varchar(40), "remember_token_expires_at" datetime, "activation_code" varchar(40), "activated_at" datetime, "first_name" varchar(255), "last_name" varchar(255), "about_me" text, "tag_line" varchar(500), "design_type" integer, "account_tier" integer DEFAULT 1, "avatar_file_size" integer) [0m
  [4;36;1mSQL (0.1ms)[0m   [0;1mPRAGMA index_list("users")[0m
  [4;35;1mSQL (0.1ms)[0m   [0mPRAGMA index_info('index_users_on_login')[0m
  [4;36;1mSQL (0.1ms)[0m   [0;1mCREATE UNIQUE INDEX "temp_index_altered_users_on_login" ON "altered_users" ("login")[0m
  [4;35;1mSQL (0.1ms)[0m   [0mDROP TABLE "users"[0m
  [4;36;1mSQL (0.2ms)[0m   [0;1mCREATE TABLE "users" ("id" INTEGER PRIMARY KEY AUTOINCREMENT NOT NULL, "login" varchar(40), "name" varchar(100) DEFAULT '', "email" varchar(100), "crypted_password" varchar(40), "salt" varchar(40), "created_at" datetime, "updated_at" datetime, "remember_token" varchar(40), "remember_token_expires_at" datetime, "activation_code" varchar(40), "activated_at" datetime, "first_name" varchar(255), "last_name" varchar(255), "about_me" text, "tag_line" varchar(500), "design_type" integer, "account_tier" integer DEFAULT 1) [0m
  [4;35;1mSQL (0.1ms)[0m   [0mPRAGMA index_list("altered_users")[0m
  [4;36;1mSQL (0.1ms)[0m   [0;1mPRAGMA index_info('temp_index_altered_users_on_login')[0m
  [4;35;1mSQL (0.1ms)[0m   [0mCREATE UNIQUE INDEX "index_users_on_login" ON "users" ("login")[0m
  [4;36;1mSQL (0.1ms)[0m   [0;1mDROP TABLE "altered_users"[0m
  [4;35;1mSQL (0.1ms)[0m   [0mINSERT INTO schema_migrations (version) VALUES ('20090721033045')[0m
Migrating to AddAttachmentsPhotoToUser (20090721033319)
  [4;36;1mSQL (0.4ms)[0m   [0;1mALTER TABLE "users" ADD "photo_file_name" varchar(255)[0m
  [4;35;1mSQL (0.2ms)[0m   [0mALTER TABLE "users" ADD "photo_content_type" varchar(255)[0m
  [4;36;1mSQL (0.2ms)[0m   [0;1mALTER TABLE "users" ADD "photo_file_size" integer[0m
  [4;35;1mSQL (0.2ms)[0m   [0mALTER TABLE "users" ADD "photo_updated_at" datetime[0m
  [4;36;1mSQL (0.1ms)[0m   [0;1mINSERT INTO schema_migrations (version) VALUES ('20090721033319')[0m
Migrating to AddAttachmentsImage1ToPortfolio (20090721152728)
  [4;35;1mSQL (0.4ms)[0m   [0mALTER TABLE "portfolios" ADD "image_1_file_name" varchar(255)[0m
  [4;36;1mSQL (0.1ms)[0m   [0;1mALTER TABLE "portfolios" ADD "image_1_content_type" varchar(255)[0m
  [4;35;1mSQL (0.1ms)[0m   [0mALTER TABLE "portfolios" ADD "image_1_file_size" integer[0m
  [4;36;1mSQL (0.1ms)[0m   [0;1mALTER TABLE "portfolios" ADD "image_1_updated_at" datetime[0m
  [4;35;1mSQL (0.1ms)[0m   [0mINSERT INTO schema_migrations (version) VALUES ('20090721152728')[0m
Migrating to AddAttachmentsImage2ToPiece (20090721170213)
  [4;36;1mSQL (0.3ms)[0m   [0;1mALTER TABLE "pieces" ADD "image_2_file_name" varchar(255)[0m
  [4;35;1mSQL (0.2ms)[0m   [0mALTER TABLE "pieces" ADD "image_2_content_type" varchar(255)[0m
  [4;36;1mSQL (0.2ms)[0m   [0;1mALTER TABLE "pieces" ADD "image_2_file_size" integer[0m
  [4;35;1mSQL (0.2ms)[0m   [0mALTER TABLE "pieces" ADD "image_2_updated_at" datetime[0m
  [4;36;1mSQL (0.1ms)[0m   [0;1mINSERT INTO schema_migrations (version) VALUES ('20090721170213')[0m
Migrating to AddAttachmentsImage3ToPiece (20090721170326)
  [4;35;1mSQL (0.4ms)[0m   [0mALTER TABLE "pieces" ADD "image_3_file_name" varchar(255)[0m
  [4;36;1mSQL (0.2ms)[0m   [0;1mALTER TABLE "pieces" ADD "image_3_content_type" varchar(255)[0m
  [4;35;1mSQL (0.2ms)[0m   [0mALTER TABLE "pieces" ADD "image_3_file_size" integer[0m
  [4;36;1mSQL (0.2ms)[0m   [0;1mALTER TABLE "pieces" ADD "image_3_updated_at" datetime[0m
  [4;35;1mSQL (0.1ms)[0m   [0mINSERT INTO schema_migrations (version) VALUES ('20090721170326')[0m
Migrating to AddAttachmentsImage4ToPiece (20090721170409)
  [4;36;1mSQL (0.3ms)[0m   [0;1mALTER TABLE "pieces" ADD "image_4_file_name" varchar(255)[0m
  [4;35;1mSQL (0.2ms)[0m   [0mALTER TABLE "pieces" ADD "image_4_content_type" varchar(255)[0m
  [4;36;1mSQL (0.2ms)[0m   [0;1mALTER TABLE "pieces" ADD "image_4_file_size" integer[0m
  [4;35;1mSQL (0.2ms)[0m   [0mALTER TABLE "pieces" ADD "image_4_updated_at" datetime[0m
  [4;36;1mSQL (0.1ms)[0m   [0;1mINSERT INTO schema_migrations (version) VALUES ('20090721170409')[0m
Migrating to AddAttachmentsImage5ToPiece (20090721170424)
  [4;35;1mSQL (0.3ms)[0m   [0mALTER TABLE "pieces" ADD "image_5_file_name" varchar(255)[0m
  [4;36;1mSQL (0.2ms)[0m   [0;1mALTER TABLE "pieces" ADD "image_5_content_type" varchar(255)[0m
  [4;35;1mSQL (0.2ms)[0m   [0mALTER TABLE "pieces" ADD "image_5_file_size" integer[0m
  [4;36;1mSQL (0.2ms)[0m   [0;1mALTER TABLE "pieces" ADD "image_5_updated_at" datetime[0m
  [4;35;1mSQL (0.1ms)[0m   [0mINSERT INTO schema_migrations (version) VALUES ('20090721170424')[0m
Migrating to RemoveImage1FromPortfolios (20090721210418)
  [4;36;1mSQL (0.2ms)[0m   [0;1mCREATE TEMPORARY TABLE "altered_portfolios" ("id" INTEGER PRIMARY KEY AUTOINCREMENT NOT NULL, "user_id" integer, "created_at" datetime, "updated_at" datetime, "image_1_file_name" varchar(255), "image_1_content_type" varchar(255), "image_1_file_size" integer, "image_1_updated_at" datetime) [0m
  [4;35;1mSQL (0.0ms)[0m   [0mPRAGMA index_list("portfolios")[0m
  [4;36;1mSQL (0.3ms)[0m   [0;1mDROP TABLE "portfolios"[0m
  [4;35;1mSQL (0.9ms)[0m   [0mCREATE TABLE "portfolios" ("id" INTEGER PRIMARY KEY AUTOINCREMENT NOT NULL, "user_id" integer, "created_at" datetime, "updated_at" datetime, "image_1_content_type" varchar(255), "image_1_file_size" integer, "image_1_updated_at" datetime) [0m
  [4;36;1mSQL (0.3ms)[0m   [0;1mPRAGMA index_list("altered_portfolios")[0m
  [4;35;1mSQL (0.1ms)[0m   [0mDROP TABLE "altered_portfolios"[0m
  [4;36;1mSQL (0.1ms)[0m   [0;1mCREATE TEMPORARY TABLE "altered_portfolios" ("id" INTEGER PRIMARY KEY AUTOINCREMENT NOT NULL, "user_id" integer, "created_at" datetime, "updated_at" datetime, "image_1_content_type" varchar(255), "image_1_file_size" integer, "image_1_updated_at" datetime) [0m
  [4;35;1mSQL (0.0ms)[0m   [0mPRAGMA index_list("portfolios")[0m
  [4;36;1mSQL (0.1ms)[0m   [0;1mDROP TABLE "portfolios"[0m
  [4;35;1mSQL (0.1ms)[0m   [0mCREATE TABLE "portfolios" ("id" INTEGER PRIMARY KEY AUTOINCREMENT NOT NULL, "user_id" integer, "created_at" datetime, "updated_at" datetime, "image_1_file_size" integer, "image_1_updated_at" datetime) [0m
  [4;36;1mSQL (0.0ms)[0m   [0;1mPRAGMA index_list("altered_portfolios")[0m
  [4;35;1mSQL (0.1ms)[0m   [0mDROP TABLE "altered_portfolios"[0m
  [4;36;1mSQL (0.1ms)[0m   [0;1mCREATE TEMPORARY TABLE "altered_portfolios" ("id" INTEGER PRIMARY KEY AUTOINCREMENT NOT NULL, "user_id" integer, "created_at" datetime, "updated_at" datetime, "image_1_file_size" integer, "image_1_updated_at" datetime) [0m
  [4;35;1mSQL (0.0ms)[0m   [0mPRAGMA index_list("portfolios")[0m
  [4;36;1mSQL (0.1ms)[0m   [0;1mDROP TABLE "portfolios"[0m
  [4;35;1mSQL (0.2ms)[0m   [0mCREATE TABLE "portfolios" ("id" INTEGER PRIMARY KEY AUTOINCREMENT NOT NULL, "user_id" integer, "created_at" datetime, "updated_at" datetime, "image_1_updated_at" datetime) [0m
  [4;36;1mSQL (0.0ms)[0m   [0;1mPRAGMA index_list("altered_portfolios")[0m
  [4;35;1mSQL (0.1ms)[0m   [0mDROP TABLE "altered_portfolios"[0m
  [4;36;1mSQL (0.1ms)[0m   [0;1mCREATE TEMPORARY TABLE "altered_portfolios" ("id" INTEGER PRIMARY KEY AUTOINCREMENT NOT NULL, "user_id" integer, "created_at" datetime, "updated_at" datetime, "image_1_updated_at" datetime) [0m
  [4;35;1mSQL (0.0ms)[0m   [0mPRAGMA index_list("portfolios")[0m
  [4;36;1mSQL (0.1ms)[0m   [0;1mDROP TABLE "portfolios"[0m
  [4;35;1mSQL (0.1ms)[0m   [0mCREATE TABLE "portfolios" ("id" INTEGER PRIMARY KEY AUTOINCREMENT NOT NULL, "user_id" integer, "created_at" datetime, "updated_at" datetime) [0m
  [4;36;1mSQL (0.0ms)[0m   [0;1mPRAGMA index_list("altered_portfolios")[0m
  [4;35;1mSQL (0.1ms)[0m   [0mDROP TABLE "altered_portfolios"[0m
  [4;36;1mSQL (0.1ms)[0m   [0;1mINSERT INTO schema_migrations (version) VALUES ('20090721210418')[0m
Migrating to AddAttachmentsImage1ToPiece (20090721210511)
  [4;35;1mSQL (0.4ms)[0m   [0mALTER TABLE "pieces" ADD "image_1_file_name" varchar(255)[0m
  [4;36;1mSQL (0.2ms)[0m   [0;1mALTER TABLE "pieces" ADD "image_1_content_type" varchar(255)[0m
  [4;35;1mSQL (0.2ms)[0m   [0mALTER TABLE "pieces" ADD "image_1_file_size" integer[0m
  [4;36;1mSQL (0.2ms)[0m   [0;1mALTER TABLE "pieces" ADD "image_1_updated_at" datetime[0m
  [4;35;1mSQL (0.1ms)[0m   [0mINSERT INTO schema_migrations (version) VALUES ('20090721210511')[0m
Migrating to CreateDesigns (20090805151853)
  [4;36;1mSQL (0.4ms)[0m   [0;1mCREATE TABLE "designs" ("id" INTEGER PRIMARY KEY AUTOINCREMENT NOT NULL, "user_id" integer, "created_at" datetime, "updated_at" datetime) [0m
  [4;35;1mSQL (0.1ms)[0m   [0mINSERT INTO schema_migrations (version) VALUES ('20090805151853')[0m
Migrating to AddCssVariablesToDesign (20090805164948)
  [4;36;1mSQL (0.4ms)[0m   [0;1mALTER TABLE "designs" ADD "background_color" varchar(255) DEFAULT '#dedddb'[0m
  [4;35;1mSQL (0.1ms)[0m   [0mALTER TABLE "designs" ADD "background_align" varchar(255) DEFAULT 'center'[0m
  [4;36;1mSQL (0.2ms)[0m   [0;1mALTER TABLE "designs" ADD "background_tile" varchar(255) DEFAULT 'repeat'[0m
  [4;35;1mSQL (0.1ms)[0m   [0mALTER TABLE "designs" ADD "page_bg_color" varchar(255) DEFAULT '#fff'[0m
  [4;36;1mSQL (0.2ms)[0m   [0;1mALTER TABLE "designs" ADD "link_color" varchar(255) DEFAULT '#72b225'[0m
  [4;35;1mSQL (0.2ms)[0m   [0mALTER TABLE "designs" ADD "link_hover_color" varchar(255) DEFAULT '#242420'[0m
  [4;36;1mSQL (0.2ms)[0m   [0;1mALTER TABLE "designs" ADD "link_img_border_color" varchar(255) DEFAULT '#f5f4f4'[0m
  [4;35;1mSQL (0.2ms)[0m   [0mALTER TABLE "designs" ADD "text_color" varchar(255) DEFAULT '#767574'[0m
  [4;36;1mSQL (0.2ms)[0m   [0;1mALTER TABLE "designs" ADD "text_size" integer DEFAULT 12[0m
  [4;35;1mSQL (0.2ms)[0m   [0mALTER TABLE "designs" ADD "text_font_1" varchar(255) DEFAULT 'Arial'[0m
  [4;36;1mSQL (0.2ms)[0m   [0;1mALTER TABLE "designs" ADD "text_font_2" varchar(255) DEFAULT 'Helvetica'[0m
  [4;35;1mSQL (0.2ms)[0m   [0mALTER TABLE "designs" ADD "text_serif" boolean DEFAULT 'f'[0m
  [4;36;1mSQL (0.2ms)[0m   [0;1mALTER TABLE "designs" ADD "title_color" varchar(255) DEFAULT '#242420'[0m
  [4;35;1mSQL (0.2ms)[0m   [0mALTER TABLE "designs" ADD "title_bold" boolean DEFAULT 'f'[0m
  [4;36;1mSQL (0.3ms)[0m   [0;1mALTER TABLE "designs" ADD "title_italic" boolean DEFAULT 'f'[0m
  [4;35;1mSQL (0.2ms)[0m   [0mALTER TABLE "designs" ADD "title_font" varchar(255) DEFAULT 'Georgia'[0m
  [4;36;1mSQL (0.2ms)[0m   [0;1mALTER TABLE "designs" ADD "title_serif" boolean DEFAULT 't'[0m
  [4;35;1mSQL (0.2ms)[0m   [0mALTER TABLE "designs" ADD "tagline_size" integer[0m
  [4;36;1mSQL (0.2ms)[0m   [0;1mALTER TABLE "designs" ADD "tagline_color" varchar(255) DEFAULT '#242420'[0m
  [4;35;1mSQL (0.2ms)[0m   [0mALTER TABLE "designs" ADD "tagline_bold" boolean DEFAULT 'f'[0m
  [4;36;1mSQL (0.2ms)[0m   [0;1mALTER TABLE "designs" ADD "tagline_italic" boolean DEFAULT 'f'[0m
  [4;35;1mSQL (0.2ms)[0m   [0mALTER TABLE "designs" ADD "tagline_font" varchar(255) DEFAULT 'Georgia'[0m
  [4;36;1mSQL (0.2ms)[0m   [0;1mALTER TABLE "designs" ADD "tagline_serif" boolean DEFAULT 't'[0m
  [4;35;1mSQL (0.2ms)[0m   [0mALTER TABLE "designs" ADD "border_color" varchar(255) DEFAULT '#eee'[0m
  [4;36;1mSQL (0.2ms)[0m   [0;1mINSERT INTO schema_migrations (version) VALUES ('20090805164948')[0m
Migrating to RemoveOldDesignTypeFromUsers (20090805171338)
  [4;35;1mSQL (0.3ms)[0m   [0mCREATE TEMPORARY TABLE "altered_users" ("id" INTEGER PRIMARY KEY AUTOINCREMENT NOT NULL, "login" varchar(40), "name" varchar(100) DEFAULT '', "email" varchar(100), "crypted_password" varchar(40), "salt" varchar(40), "created_at" datetime, "updated_at" datetime, "remember_token" varchar(40), "remember_token_expires_at" datetime, "activation_code" varchar(40), "activated_at" datetime, "first_name" varchar(255), "last_name" varchar(255), "about_me" text, "tag_line" varchar(500), "design_type" integer, "account_tier" integer DEFAULT 1, "photo_file_name" varchar(255), "photo_content_type" varchar(255), "photo_file_size" integer, "photo_updated_at" datetime) [0m
  [4;36;1mSQL (0.1ms)[0m   [0;1mPRAGMA index_list("users")[0m
  [4;35;1mSQL (0.1ms)[0m   [0mPRAGMA index_info('index_users_on_login')[0m
  [4;36;1mSQL (0.1ms)[0m   [0;1mCREATE UNIQUE INDEX "temp_index_altered_users_on_login" ON "altered_users" ("login")[0m
  [4;35;1mSQL (0.3ms)[0m   [0mDROP TABLE "users"[0m
  [4;36;1mSQL (0.2ms)[0m   [0;1mCREATE TABLE "users" ("id" INTEGER PRIMARY KEY AUTOINCREMENT NOT NULL, "login" varchar(40), "name" varchar(100) DEFAULT '', "email" varchar(100), "crypted_password" varchar(40), "salt" varchar(40), "created_at" datetime, "updated_at" datetime, "remember_token" varchar(40), "remember_token_expires_at" datetime, "activation_code" varchar(40), "activated_at" datetime, "first_name" varchar(255), "last_name" varchar(255), "about_me" text, "tag_line" varchar(500), "account_tier" integer DEFAULT 1, "photo_file_name" varchar(255), "photo_content_type" varchar(255), "photo_file_size" integer, "photo_updated_at" datetime) [0m
  [4;35;1mSQL (0.1ms)[0m   [0mPRAGMA index_list("altered_users")[0m
  [4;36;1mSQL (0.1ms)[0m   [0;1mPRAGMA index_info('temp_index_altered_users_on_login')[0m
  [4;35;1mSQL (0.4ms)[0m   [0mCREATE UNIQUE INDEX "index_users_on_login" ON "users" ("login")[0m
  [4;36;1mSQL (0.1ms)[0m   [0;1mDROP TABLE "altered_users"[0m
  [4;35;1mSQL (0.2ms)[0m   [0mINSERT INTO schema_migrations (version) VALUES ('20090805171338')[0m
Migrating to AddDesignTypeToUsersWithDefaultValue (20090805171518)
  [4;36;1mSQL (0.5ms)[0m   [0;1mALTER TABLE "users" ADD "design_type" integer DEFAULT 1[0m
  [4;35;1mSQL (0.1ms)[0m   [0mINSERT INTO schema_migrations (version) VALUES ('20090805171518')[0m
Migrating to AddCssTextToDesign (20090805174329)
  [4;36;1mSQL (0.5ms)[0m   [0;1mALTER TABLE "designs" ADD "css_text" text[0m
  [4;35;1mSQL (0.1ms)[0m   [0mINSERT INTO schema_migrations (version) VALUES ('20090805174329')[0m
Migrating to AddAttachmentsHeaderImageToUser (20090805191833)
  [4;36;1mSQL (0.4ms)[0m   [0;1mALTER TABLE "users" ADD "header_image_file_name" varchar(255)[0m
  [4;35;1mSQL (0.2ms)[0m   [0mALTER TABLE "users" ADD "header_image_content_type" varchar(255)[0m
  [4;36;1mSQL (0.2ms)[0m   [0;1mALTER TABLE "users" ADD "header_image_file_size" integer[0m
  [4;35;1mSQL (0.2ms)[0m   [0mALTER TABLE "users" ADD "header_image_updated_at" datetime[0m
  [4;36;1mSQL (0.1ms)[0m   [0;1mINSERT INTO schema_migrations (version) VALUES ('20090805191833')[0m
Migrating to RemoveHeaderImageFromUsers (20090805192350)
  [4;35;1mSQL (0.3ms)[0m   [0mCREATE TEMPORARY TABLE "altered_users" ("id" INTEGER PRIMARY KEY AUTOINCREMENT NOT NULL, "login" varchar(40), "name" varchar(100) DEFAULT '', "email" varchar(100), "crypted_password" varchar(40), "salt" varchar(40), "created_at" datetime, "updated_at" datetime, "remember_token" varchar(40), "remember_token_expires_at" datetime, "activation_code" varchar(40), "activated_at" datetime, "first_name" varchar(255), "last_name" varchar(255), "about_me" text, "tag_line" varchar(500), "account_tier" integer DEFAULT 1, "photo_file_name" varchar(255), "photo_content_type" varchar(255), "photo_file_size" integer, "photo_updated_at" datetime, "design_type" integer DEFAULT 1, "header_image_file_name" varchar(255), "header_image_content_type" varchar(255), "header_image_file_size" integer, "header_image_updated_at" datetime) [0m
  [4;36;1mSQL (0.1ms)[0m   [0;1mPRAGMA index_list("users")[0m
  [4;35;1mSQL (0.1ms)[0m   [0mPRAGMA index_info('index_users_on_login')[0m
  [4;36;1mSQL (0.1ms)[0m   [0;1mCREATE UNIQUE INDEX "temp_index_altered_users_on_login" ON "altered_users" ("login")[0m
  [4;35;1mSQL (0.4ms)[0m   [0mDROP TABLE "users"[0m
  [4;36;1mSQL (0.2ms)[0m   [0;1mCREATE TABLE "users" ("id" INTEGER PRIMARY KEY AUTOINCREMENT NOT NULL, "login" varchar(40), "name" varchar(100) DEFAULT '', "email" varchar(100), "crypted_password" varchar(40), "salt" varchar(40), "created_at" datetime, "updated_at" datetime, "remember_token" varchar(40), "remember_token_expires_at" datetime, "activation_code" varchar(40), "activated_at" datetime, "first_name" varchar(255), "last_name" varchar(255), "about_me" text, "tag_line" varchar(500), "account_tier" integer DEFAULT 1, "photo_file_name" varchar(255), "photo_content_type" varchar(255), "photo_file_size" integer, "photo_updated_at" datetime, "design_type" integer DEFAULT 1, "header_image_content_type" varchar(255), "header_image_file_size" integer, "header_image_updated_at" datetime) [0m
  [4;35;1mSQL (0.1ms)[0m   [0mPRAGMA index_list("altered_users")[0m
  [4;36;1mSQL (0.1ms)[0m   [0;1mPRAGMA index_info('temp_index_altered_users_on_login')[0m
  [4;35;1mSQL (0.3ms)[0m   [0mCREATE UNIQUE INDEX "index_users_on_login" ON "users" ("login")[0m
  [4;36;1mSQL (0.1ms)[0m   [0;1mDROP TABLE "altered_users"[0m
  [4;35;1mSQL (0.2ms)[0m   [0mCREATE TEMPORARY TABLE "altered_users" ("id" INTEGER PRIMARY KEY AUTOINCREMENT NOT NULL, "login" varchar(40), "name" varchar(100) DEFAULT '', "email" varchar(100), "crypted_password" varchar(40), "salt" varchar(40), "created_at" datetime, "updated_at" datetime, "remember_token" varchar(40), "remember_token_expires_at" datetime, "activation_code" varchar(40), "activated_at" datetime, "first_name" varchar(255), "last_name" varchar(255), "about_me" text, "tag_line" varchar(500), "account_tier" integer DEFAULT 1, "photo_file_name" varchar(255), "photo_content_type" varchar(255), "photo_file_size" integer, "photo_updated_at" datetime, "design_type" integer DEFAULT 1, "header_image_content_type" varchar(255), "header_image_file_size" integer, "header_image_updated_at" datetime) [0m
  [4;36;1mSQL (0.1ms)[0m   [0;1mPRAGMA index_list("users")[0m
  [4;35;1mSQL (0.1ms)[0m   [0mPRAGMA index_info('index_users_on_login')[0m
  [4;36;1mSQL (0.2ms)[0m   [0;1mCREATE UNIQUE INDEX "temp_index_altered_users_on_login" ON "altered_users" ("login")[0m
  [4;35;1mSQL (0.1ms)[0m   [0mDROP TABLE "users"[0m
  [4;36;1mSQL (0.2ms)[0m   [0;1mCREATE TABLE "users" ("id" INTEGER PRIMARY KEY AUTOINCREMENT NOT NULL, "login" varchar(40), "name" varchar(100) DEFAULT '', "email" varchar(100), "crypted_password" varchar(40), "salt" varchar(40), "created_at" datetime, "updated_at" datetime, "remember_token" varchar(40), "remember_token_expires_at" datetime, "activation_code" varchar(40), "activated_at" datetime, "first_name" varchar(255), "last_name" varchar(255), "about_me" text, "tag_line" varchar(500), "account_tier" integer DEFAULT 1, "photo_file_name" varchar(255), "photo_content_type" varchar(255), "photo_file_size" integer, "photo_updated_at" datetime, "design_type" integer DEFAULT 1, "header_image_file_size" integer, "header_image_updated_at" datetime) [0m
  [4;35;1mSQL (0.1ms)[0m   [0mPRAGMA index_list("altered_users")[0m
  [4;36;1mSQL (0.1ms)[0m   [0;1mPRAGMA index_info('temp_index_altered_users_on_login')[0m
  [4;35;1mSQL (0.1ms)[0m   [0mCREATE UNIQUE INDEX "index_users_on_login" ON "users" ("login")[0m
  [4;36;1mSQL (0.1ms)[0m   [0;1mDROP TABLE "altered_users"[0m
  [4;35;1mSQL (0.3ms)[0m   [0mCREATE TEMPORARY TABLE "altered_users" ("id" INTEGER PRIMARY KEY AUTOINCREMENT NOT NULL, "login" varchar(40), "name" varchar(100) DEFAULT '', "email" varchar(100), "crypted_password" varchar(40), "salt" varchar(40), "created_at" datetime, "updated_at" datetime, "remember_token" varchar(40), "remember_token_expires_at" datetime, "activation_code" varchar(40), "activated_at" datetime, "first_name" varchar(255), "last_name" varchar(255), "about_me" text, "tag_line" varchar(500), "account_tier" integer DEFAULT 1, "photo_file_name" varchar(255), "photo_content_type" varchar(255), "photo_file_size" integer, "photo_updated_at" datetime, "design_type" integer DEFAULT 1, "header_image_file_size" integer, "header_image_updated_at" datetime) [0m
  [4;36;1mSQL (0.1ms)[0m   [0;1mPRAGMA index_list("users")[0m
  [4;35;1mSQL (0.1ms)[0m   [0mPRAGMA index_info('index_users_on_login')[0m
  [4;36;1mSQL (0.2ms)[0m   [0;1mCREATE UNIQUE INDEX "temp_index_altered_users_on_login" ON "altered_users" ("login")[0m
  [4;35;1mSQL (0.1ms)[0m   [0mDROP TABLE "users"[0m
  [4;36;1mSQL (0.2ms)[0m   [0;1mCREATE TABLE "users" ("id" INTEGER PRIMARY KEY AUTOINCREMENT NOT NULL, "login" varchar(40), "name" varchar(100) DEFAULT '', "email" varchar(100), "crypted_password" varchar(40), "salt" varchar(40), "created_at" datetime, "updated_at" datetime, "remember_token" varchar(40), "remember_token_expires_at" datetime, "activation_code" varchar(40), "activated_at" datetime, "first_name" varchar(255), "last_name" varchar(255), "about_me" text, "tag_line" varchar(500), "account_tier" integer DEFAULT 1, "photo_file_name" varchar(255), "photo_content_type" varchar(255), "photo_file_size" integer, "photo_updated_at" datetime, "design_type" integer DEFAULT 1, "header_image_updated_at" datetime) [0m
  [4;35;1mSQL (0.1ms)[0m   [0mPRAGMA index_list("altered_users")[0m
  [4;36;1mSQL (0.1ms)[0m   [0;1mPRAGMA index_info('temp_index_altered_users_on_login')[0m
  [4;35;1mSQL (0.1ms)[0m   [0mCREATE UNIQUE INDEX "index_users_on_login" ON "users" ("login")[0m
  [4;36;1mSQL (0.1ms)[0m   [0;1mDROP TABLE "altered_users"[0m
  [4;35;1mSQL (0.2ms)[0m   [0mCREATE TEMPORARY TABLE "altered_users" ("id" INTEGER PRIMARY KEY AUTOINCREMENT NOT NULL, "login" varchar(40), "name" varchar(100) DEFAULT '', "email" varchar(100), "crypted_password" varchar(40), "salt" varchar(40), "created_at" datetime, "updated_at" datetime, "remember_token" varchar(40), "remember_token_expires_at" datetime, "activation_code" varchar(40), "activated_at" datetime, "first_name" varchar(255), "last_name" varchar(255), "about_me" text, "tag_line" varchar(500), "account_tier" integer DEFAULT 1, "photo_file_name" varchar(255), "photo_content_type" varchar(255), "photo_file_size" integer, "photo_updated_at" datetime, "design_type" integer DEFAULT 1, "header_image_updated_at" datetime) [0m
  [4;36;1mSQL (0.1ms)[0m   [0;1mPRAGMA index_list("users")[0m
  [4;35;1mSQL (0.1ms)[0m   [0mPRAGMA index_info('index_users_on_login')[0m
  [4;36;1mSQL (0.1ms)[0m   [0;1mCREATE UNIQUE INDEX "temp_index_altered_users_on_login" ON "altered_users" ("login")[0m
  [4;35;1mSQL (0.1ms)[0m   [0mDROP TABLE "users"[0m
  [4;36;1mSQL (0.2ms)[0m   [0;1mCREATE TABLE "users" ("id" INTEGER PRIMARY KEY AUTOINCREMENT NOT NULL, "login" varchar(40), "name" varchar(100) DEFAULT '', "email" varchar(100), "crypted_password" varchar(40), "salt" varchar(40), "created_at" datetime, "updated_at" datetime, "remember_token" varchar(40), "remember_token_expires_at" datetime, "activation_code" varchar(40), "activated_at" datetime, "first_name" varchar(255), "last_name" varchar(255), "about_me" text, "tag_line" varchar(500), "account_tier" integer DEFAULT 1, "photo_file_name" varchar(255), "photo_content_type" varchar(255), "photo_file_size" integer, "photo_updated_at" datetime, "design_type" integer DEFAULT 1) [0m
  [4;35;1mSQL (0.1ms)[0m   [0mPRAGMA index_list("altered_users")[0m
  [4;36;1mSQL (0.1ms)[0m   [0;1mPRAGMA index_info('temp_index_altered_users_on_login')[0m
  [4;35;1mSQL (0.1ms)[0m   [0mCREATE UNIQUE INDEX "index_users_on_login" ON "users" ("login")[0m
  [4;36;1mSQL (0.1ms)[0m   [0;1mDROP TABLE "altered_users"[0m
  [4;35;1mSQL (0.1ms)[0m   [0mINSERT INTO schema_migrations (version) VALUES ('20090805192350')[0m
Migrating to AddAttachmentsHeaderImageToDesign (20090805192452)
  [4;36;1mSQL (0.4ms)[0m   [0;1mALTER TABLE "designs" ADD "header_image_file_name" varchar(255)[0m
  [4;35;1mSQL (0.2ms)[0m   [0mALTER TABLE "designs" ADD "header_image_content_type" varchar(255)[0m
  [4;36;1mSQL (0.3ms)[0m   [0;1mALTER TABLE "designs" ADD "header_image_file_size" integer[0m
  [4;35;1mSQL (0.2ms)[0m   [0mALTER TABLE "designs" ADD "header_image_updated_at" datetime[0m
  [4;36;1mSQL (0.1ms)[0m   [0;1mINSERT INTO schema_migrations (version) VALUES ('20090805192452')[0m
Migrating to AddAdminToUsers (20090811184907)
  [4;35;1mSQL (0.4ms)[0m   [0mALTER TABLE "users" ADD "admin_user" boolean DEFAULT 'f'[0m
  [4;36;1mSQL (0.1ms)[0m   [0;1mINSERT INTO schema_migrations (version) VALUES ('20090811184907')[0m
Migrating to CreatePosts (20090811195015)
  [4;35;1mSQL (0.3ms)[0m   [0mCREATE TABLE "posts" ("id" INTEGER PRIMARY KEY AUTOINCREMENT NOT NULL, "title" varchar(255), "body" text, "author" varchar(255), "created_at" datetime, "updated_at" datetime) [0m
  [4;36;1mSQL (0.1ms)[0m   [0;1mINSERT INTO schema_migrations (version) VALUES ('20090811195015')[0m
Migrating to FixLayoutType (20090813023933)
  [4;35;1mSQL (0.5ms)[0m   [0mCREATE TEMPORARY TABLE "altered_users" ("id" INTEGER PRIMARY KEY AUTOINCREMENT NOT NULL, "login" varchar(40), "name" varchar(100) DEFAULT '', "email" varchar(100), "crypted_password" varchar(40), "salt" varchar(40), "created_at" datetime, "updated_at" datetime, "remember_token" varchar(40), "remember_token_expires_at" datetime, "activation_code" varchar(40), "activated_at" datetime, "first_name" varchar(255), "last_name" varchar(255), "about_me" text, "tag_line" varchar(500), "account_tier" integer DEFAULT 1, "photo_file_name" varchar(255), "photo_content_type" varchar(255), "photo_file_size" integer, "photo_updated_at" datetime, "design_type" integer DEFAULT 1, "admin_user" boolean DEFAULT 'f') [0m
  [4;36;1mSQL (0.1ms)[0m   [0;1mPRAGMA index_list("users")[0m
  [4;35;1mSQL (0.1ms)[0m   [0mPRAGMA index_info('index_users_on_login')[0m
  [4;36;1mSQL (0.1ms)[0m   [0;1mCREATE UNIQUE INDEX "temp_index_altered_users_on_login" ON "altered_users" ("login")[0m
  [4;35;1mSQL (0.3ms)[0m   [0mDROP TABLE "users"[0m
  [4;36;1mSQL (0.2ms)[0m   [0;1mCREATE TABLE "users" ("id" INTEGER PRIMARY KEY AUTOINCREMENT NOT NULL, "login" varchar(40), "name" varchar(100) DEFAULT '', "email" varchar(100), "crypted_password" varchar(40), "salt" varchar(40), "created_at" datetime, "updated_at" datetime, "remember_token" varchar(40), "remember_token_expires_at" datetime, "activation_code" varchar(40), "activated_at" datetime, "first_name" varchar(255), "last_name" varchar(255), "about_me" text, "tag_line" varchar(500), "account_tier" integer DEFAULT 1, "photo_file_name" varchar(255), "photo_content_type" varchar(255), "photo_file_size" integer, "photo_updated_at" datetime, "design_type" integer DEFAULT 1, "admin_user" boolean DEFAULT 'f') [0m
  [4;35;1mSQL (0.1ms)[0m   [0mPRAGMA index_list("altered_users")[0m
  [4;36;1mSQL (0.1ms)[0m   [0;1mPRAGMA index_info('temp_index_altered_users_on_login')[0m
  [4;35;1mSQL (0.3ms)[0m   [0mCREATE UNIQUE INDEX "index_users_on_login" ON "users" ("login")[0m
  [4;36;1mSQL (0.1ms)[0m   [0;1mDROP TABLE "altered_users"[0m
  [4;35;1mSQL (0.3ms)[0m   [0mALTER TABLE "designs" ADD "layout_type" integer DEFAULT 1[0m
  [4;36;1mSQL (0.1ms)[0m   [0;1mINSERT INTO schema_migrations (version) VALUES ('20090813023933')[0m
Migrating to AddBillingInfoToUsers (20090818205835)
  [4;35;1mSQL (0.6ms)[0m   [0mALTER TABLE "users" ADD "address1" varchar(255)[0m
  [4;36;1mSQL (0.2ms)[0m   [0;1mALTER TABLE "users" ADD "address2" varchar(255)[0m
  [4;35;1mSQL (0.2ms)[0m   [0mALTER TABLE "users" ADD "city" varchar(255)[0m
  [4;36;1mSQL (0.2ms)[0m   [0;1mALTER TABLE "users" ADD "state" varchar(255)[0m
  [4;35;1mSQL (0.2ms)[0m   [0mALTER TABLE "users" ADD "country" varchar(255)[0m
  [4;36;1mSQL (0.2ms)[0m   [0;1mALTER TABLE "users" ADD "zip" varchar(255)[0m
  [4;35;1mSQL (0.1ms)[0m   [0mINSERT INTO schema_migrations (version) VALUES ('20090818205835')[0m
Migrating to AddCardInfoToUsers (20090818210320)
  [4;36;1mSQL (0.4ms)[0m   [0;1mALTER TABLE "users" ADD "card_number" varchar(255)[0m
  [4;35;1mSQL (0.2ms)[0m   [0mALTER TABLE "users" ADD "card_verification" varchar(255)[0m
  [4;36;1mSQL (0.2ms)[0m   [0;1mALTER TABLE "users" ADD "card_expiration_month" varchar(255)[0m
  [4;35;1mSQL (0.2ms)[0m   [0mALTER TABLE "users" ADD "card_expiration_year" varchar(255)[0m
  [4;36;1mSQL (0.2ms)[0m   [0;1mALTER TABLE "users" ADD "card_type" varchar(255)[0m
  [4;35;1mSQL (0.1ms)[0m   [0mINSERT INTO schema_migrations (version) VALUES ('20090818210320')[0m
Migrating to CreateSimpleCaptchaData (20090917042124)
  [4;36;1mSQL (0.6ms)[0m   [0;1mCREATE TABLE "simple_captcha_data" ("id" INTEGER PRIMARY KEY AUTOINCREMENT NOT NULL, "key" varchar(40), "value" varchar(6), "created_at" datetime, "updated_at" datetime) [0m
  [4;35;1mSQL (0.1ms)[0m   [0mINSERT INTO schema_migrations (version) VALUES ('20090917042124')[0m
Migrating to CreateDelayedJobs (20091029045433)
  [4;36;1mSQL (0.4ms)[0m   [0;1m SELECT name
 FROM sqlite_master
 WHERE type = 'table' AND NOT name = 'sqlite_sequence'
[0m
  [4;35;1mSQL (0.4ms)[0m   [0mCREATE TABLE "delayed_jobs" ("id" INTEGER PRIMARY KEY AUTOINCREMENT NOT NULL, "priority" integer DEFAULT 0, "attempts" integer DEFAULT 0, "handler" text, "last_error" text, "run_at" datetime, "locked_at" datetime, "failed_at" datetime, "locked_by" varchar(255), "created_at" datetime, "updated_at" datetime) [0m
  [4;36;1mSQL (0.1ms)[0m   [0;1mINSERT INTO schema_migrations (version) VALUES ('20091029045433')[0m
  [4;35;1mSQL (0.5ms)[0m   [0m SELECT name
 FROM sqlite_master
 WHERE type = 'table' AND NOT name = 'sqlite_sequence'
[0m
  [4;36;1mSQL (0.7ms)[0m   [0;1mSELECT version FROM schema_migrations[0m
  [4;35;1mSQL (0.2ms)[0m   [0m SELECT name
 FROM sqlite_master
 WHERE type = 'table' AND NOT name = 'sqlite_sequence'
[0m
  [4;36;1mSQL (0.0ms)[0m   [0;1mPRAGMA index_list("delayed_jobs")[0m
  [4;35;1mSQL (0.0ms)[0m   [0mPRAGMA index_list("designs")[0m
  [4;36;1mSQL (0.0ms)[0m   [0;1mPRAGMA index_list("pieces")[0m
  [4;35;1mSQL (0.0ms)[0m   [0mPRAGMA index_list("portfolios")[0m
  [4;36;1mSQL (0.0ms)[0m   [0;1mPRAGMA index_list("posts")[0m
  [4;35;1mSQL (0.0ms)[0m   [0mPRAGMA index_list("simple_captcha_data")[0m
  [4;36;1mSQL (0.1ms)[0m   [0;1mPRAGMA index_list("users")[0m
  [4;35;1mSQL (0.1ms)[0m   [0mPRAGMA index_info('index_users_on_login')[0m
Starting the New Relic Agent
  [4;36;1mSQL (0.8ms)[0m   [0;1m SELECT name
 FROM sqlite_master
 WHERE type = 'table' AND NOT name = 'sqlite_sequence'
[0m
  [4;35;1mSQL (0.7ms)[0m   [0mSELECT version FROM schema_migrations[0m
** [Hoptoad] Notifier 1.2.4 ready to catch errors


Processing UsersController#new (for 127.0.0.1 at 2009-11-09 14:51:48) [GET]
  Parameters: {"action"=>"new", "controller"=>"users"}
Rendering template within layouts/template
Rendering users/new

ActionView::TemplateError (undefined method `has_read_terms' for #<User:0x2159850>) on line #207 of app/views/users/new.html.erb:
204: 	      	<dt>
205: 	      	</dt>
206: 	      	<dd>
207: 	      		<%= f.check_box :has_read_terms %>
208: 		      	<%= f.label :has_read_terms, 'I have read and agree with the <a href="#">Terms of Use</a> and <a href="#">Privacy Policy</a>.' %>
209: 	      	</dd>
210: 	    </dl>    

    app/views/users/new.html.erb:207
    app/views/users/new.html.erb:169

Rendered rescues/_trace (38.3ms)
Rendered rescues/_request_and_response (1.3ms)
Rendering rescues/layout (internal_server_error)


Processing UsersController#new (for 127.0.0.1 at 2009-11-09 14:52:26) [GET]
  Parameters: {"action"=>"new", "controller"=>"users"}
Rendering template within layouts/template
Rendering users/new
Completed in 30ms (View: 20, DB: 0) | 200 OK [http://0.0.0.0/signup]


Processing UsersController#create (for 127.0.0.1 at 2009-11-09 14:52:39) [POST]
  Parameters: {"user"=>{"password_confirmation"=>"[FILTERED]", "password"=>"[FILTERED]", "login"=>"mcmaloney", "email"=>"mcm@crushlovely.com"}, "commit"=>"Sign Up", "action"=>"create", "authenticity_token"=>"4KqN2UoxzGl4mCbY7+38Mq0Rfpt97o1slW3eGJKLV14=", "controller"=>"users"}
  [4;36;1mPortfolio Create (0.3ms)[0m   [0;1mINSERT INTO "portfolios" ("updated_at", "user_id", "created_at") VALUES('2009-11-09 19:52:39', NULL, '2009-11-09 19:52:39')[0m
  [4;35;1mDesign Create (0.3ms)[0m   [0mINSERT INTO "designs" ("background_color", "text_serif", "title_serif", "tagline_color", "tagline_bold", "header_image_content_type", "updated_at", "link_color", "text_size", "title_bold", "tagline_serif", "css_text", "header_image_file_name", "header_image_updated_at", "header_image_file_size", "title_font", "tagline_font", "layout_type", "title_italic", "tagline_italic", "link_img_border_color", "text_color", "title_color", "page_bg_color", "tagline_size", "user_id", "text_font_1", "background_align", "background_tile", "link_hover_color", "text_font_2", "border_color", "created_at") VALUES('#dedddb', 'f', 't', '#242420', 'f', NULL, '2009-11-09 19:52:39', '#72b225', 12, 'f', 't', NULL, NULL, NULL, NULL, 'Georgia', 'Georgia', 1, 'f', 'f', '#f5f4f4', '#767574', '#242420', '#fff', NULL, NULL, 'Arial', 'center', 'repeat', '#242420', 'Helvetica', '#eee', '2009-11-09 19:52:39')[0m
[paperclip] Saving attachments.
  [4;36;1mUser Create (0.4ms)[0m   [0;1mINSERT INTO "users" ("name", "salt", "address1", "city", "updated_at", "activated_at", "photo_file_name", "photo_file_size", "address2", "zip", "crypted_password", "account_tier", "card_expiration_month", "card_type", "about_me", "remember_token_expires_at", "activation_code", "photo_updated_at", "country", "admin_user", "photo_content_type", "card_number", "remember_token", "tag_line", "first_name", "card_expiration_year", "login", "last_name", "design_type", "email", "created_at", "state", "card_verification") VALUES('', '1d448f6d0c48ee22966ed8785cfcda99a1d3df1e', NULL, NULL, '2009-11-09 19:52:39', '2009-11-09 19:52:39', NULL, NULL, NULL, NULL, '0a50b9f7495a294052cf05e7098ef8904886650c', 1, NULL, NULL, NULL, NULL, 'c51431fe8a9938cc787d5685dcdf1fa6b6cb5f63', NULL, NULL, 'f', NULL, NULL, NULL, NULL, NULL, NULL, 'mcmaloney', NULL, 1, 'mcm@crushlovely.com', '2009-11-09 19:52:39', NULL, NULL)[0m
  [4;35;1mPortfolio Update (0.1ms)[0m   [0mUPDATE "portfolios" SET "updated_at" = '2009-11-09 19:52:39', "user_id" = 1 WHERE "id" = 1[0m
  [4;36;1mDesign Update (0.1ms)[0m   [0;1mUPDATE "designs" SET "updated_at" = '2009-11-09 19:52:39', "user_id" = 1 WHERE "id" = 1[0m
[paperclip] Saving attachments.
[paperclip] Saving attachments.
  [4;35;1mUser Exists (0.1ms)[0m   [0mSELECT "users".id FROM "users" WHERE ("users"."login" = 'mcmaloney' AND "users".id <> 1) LIMIT 1[0m
  [4;36;1mUser Exists (0.1ms)[0m   [0;1mSELECT "users".id FROM "users" WHERE ("users"."email" = 'mcm@crushlovely.com' AND "users".id <> 1) LIMIT 1[0m
[paperclip] Saving attachments.
Redirected to http://0.0.0.0:3000/
Completed in 257ms (DB: 2) | 302 Found [http://0.0.0.0/users]


Processing MainPagesController#home (for 127.0.0.1 at 2009-11-09 14:52:39) [GET]
  Parameters: {"action"=>"home", "controller"=>"main_pages"}
Rendering template within layouts/template
Rendering main_pages/home
  [4;35;1mUser Load (0.5ms)[0m   [0mSELECT * FROM "users" WHERE ("users"."id" = 1) LIMIT 1[0m
  [4;36;1mPortfolio Load (0.2ms)[0m   [0;1mSELECT * FROM "portfolios" WHERE ("portfolios".user_id = 1) LIMIT 1[0m
  [4;35;1mDesign Load (0.4ms)[0m   [0mSELECT * FROM "designs" WHERE ("designs".user_id = 1) LIMIT 1[0m
Completed in 34ms (View: 33, DB: 1) | 200 OK [http://0.0.0.0/]


Processing PortfoliosController#edit (for 127.0.0.1 at 2009-11-09 14:52:43) [GET]
  Parameters: {"action"=>"edit", "id"=>"1", "controller"=>"portfolios", "user_id"=>"1"}
  [4;36;1mUser Load (0.4ms)[0m   [0;1mSELECT * FROM "users" WHERE ("users"."id" = 1) LIMIT 1[0m
  [4;35;1mDesign Load (0.5ms)[0m   [0mSELECT * FROM "designs" WHERE ("designs".user_id = 1) LIMIT 1[0m
  [4;36;1mPortfolio Load (0.2ms)[0m   [0;1mSELECT * FROM "portfolios" WHERE ("portfolios".user_id = 1) LIMIT 1[0m
Rendering template within layouts/template
Rendering portfolios/edit

ActionView::TemplateError (new_portfolio_piece_url failed to generate from {:login=>#<Portfolio id: 1, user_id: 1, created_at: "2009-11-09 19:52:39", updated_at: "2009-11-09 19:52:39">, :action=>"new", :controller=>"pieces"}, expected: {:action=>"new", :controller=>"pieces"}, diff: {:login=>#<Portfolio id: 1, user_id: 1, created_at: "2009-11-09 19:52:39", updated_at: "2009-11-09 19:52:39">}) on line #8 of app/views/portfolios/edit.html.erb:
5: 		<h1>Portfolio<small> Manage your work</small></h1>
6: 		
7: 		<div class="call-to-action" id="portfolio-add-work">
8: 			 <%= link_to 'Add Work', new_portfolio_piece_path(@user.portfolio) %>
9: 		</div>
10: 	</div>
11: </div>

    (eval):20:in `new_portfolio_piece_path'
    app/views/portfolios/edit.html.erb:8

Rendered rescues/_trace (37.2ms)
Rendered rescues/_request_and_response (0.4ms)
Rendering rescues/layout (internal_server_error)


Processing PortfoliosController#edit (for 127.0.0.1 at 2009-11-09 14:53:14) [GET]
  Parameters: {"action"=>"edit", "id"=>"1", "controller"=>"portfolios", "user_id"=>"1"}
  [4;35;1mUser Load (0.5ms)[0m   [0mSELECT * FROM "users" WHERE ("users"."id" = 1) LIMIT 1[0m
  [4;36;1mDesign Load (0.5ms)[0m   [0;1mSELECT * FROM "designs" WHERE ("designs".user_id = 1) LIMIT 1[0m
  [4;35;1mPortfolio Load (0.2ms)[0m   [0mSELECT * FROM "portfolios" WHERE ("portfolios".user_id = 1) LIMIT 1[0m
Rendering template within layouts/template
Rendering portfolios/edit
  [4;36;1mSQL (0.2ms)[0m   [0;1mSELECT count(*) AS count_all FROM "pieces" WHERE ("pieces".portfolio_id = 1) [0m
  [4;35;1mUser Load (0.5ms)[0m   [0mSELECT * FROM "users" WHERE ("users"."id" = 1) [0m
  [4;36;1mPiece Load (0.1ms)[0m   [0;1mSELECT * FROM "pieces" WHERE ("pieces".portfolio_id = 1) [0m
Completed in 38ms (View: 18, DB: 2) | 200 OK [http://0.0.0.0/users/1/portfolios/1/edit]


Processing PortfoliosController#show (for 127.0.0.1 at 2009-11-09 14:53:18) [GET]
  Parameters: {"action"=>"show", "id"=>"1", "controller"=>"portfolios", "user_id"=>"1"}
  [4;35;1mUser Load (0.5ms)[0m   [0mSELECT * FROM "users" WHERE ("users"."id" = 1) LIMIT 1[0m
  [4;36;1mDesign Load (0.5ms)[0m   [0;1mSELECT * FROM "designs" WHERE ("designs".user_id = 1) LIMIT 1[0m
  [4;35;1mPortfolio Load (0.2ms)[0m   [0mSELECT * FROM "portfolios" WHERE ("portfolios".user_id = 1) LIMIT 1[0m
Rendering template within layouts/weefolio
Rendering portfolios/show
  [4;36;1mPiece Load (0.2ms)[0m   [0;1mSELECT * FROM "pieces" WHERE ("pieces".portfolio_id = 1) [0m
  [4;35;1mUser Load (0.4ms)[0m   [0mSELECT * FROM "users" WHERE ("users"."id" = 1) [0m
Rendered styles/_form_css (13.2ms)
Completed in 85ms (View: 59, DB: 2) | 200 OK [http://0.0.0.0/users/1/portfolios/1]


Processing ApplicationController#index (for 127.0.0.1 at 2009-11-09 14:54:05) [GET]

ActionController::RoutingError (No route matches "/users/1/portfolios/1" with {:method=>:get}):
  

Rendering rescues/layout (not_found)


Processing ApplicationController#index (for 127.0.0.1 at 2009-11-09 14:54:13) [GET]

ActionController::RoutingError (No route matches "/users/1/portfolios/1" with {:method=>:get}):
  

Rendering rescues/layout (not_found)


Processing ApplicationController#index (for 127.0.0.1 at 2009-11-09 14:54:59) [GET]

ActionController::RoutingError (No route matches "/users/1/portfolios/1/edit" with {:method=>:get}):
  

Rendering rescues/layout (not_found)


Processing ApplicationController#index (for 127.0.0.1 at 2009-11-09 14:55:06) [GET]

ActionController::RoutingError (No route matches "/users/1/portfolios/1" with {:method=>:get}):
  

Rendering rescues/layout (not_found)


Processing MainPagesController#home (for 127.0.0.1 at 2009-11-09 14:55:20) [GET]
  Parameters: {"action"=>"home", "controller"=>"main_pages"}
Rendering template within layouts/template
Rendering main_pages/home
  [4;36;1mUser Load (0.4ms)[0m   [0;1mSELECT * FROM "users" WHERE ("users"."id" = 1) LIMIT 1[0m
  [4;35;1mPortfolio Load (0.2ms)[0m   [0mSELECT * FROM "portfolios" WHERE ("portfolios".user_id = 1) LIMIT 1[0m
  [4;36;1mDesign Load (0.4ms)[0m   [0;1mSELECT * FROM "designs" WHERE ("designs".user_id = 1) LIMIT 1[0m
Completed in 27ms (View: 26, DB: 1) | 200 OK [http://0.0.0.0/]


Processing PortfoliosController#show (for 127.0.0.1 at 2009-11-09 14:55:23) [GET]
  Parameters: {"action"=>"show", "id"=>"1", "controller"=>"portfolios", "user_id"=>"1"}
  [4;35;1mUser Load (0.4ms)[0m   [0mSELECT * FROM "users" WHERE ("users"."id" = 1) LIMIT 1[0m
  [4;36;1mDesign Load (0.4ms)[0m   [0;1mSELECT * FROM "designs" WHERE ("designs".user_id = 1) LIMIT 1[0m
  [4;35;1mPortfolio Load (0.3ms)[0m   [0mSELECT * FROM "portfolios" WHERE ("portfolios".user_id = 1) LIMIT 1[0m
Rendering template within layouts/weefolio
Rendering portfolios/show
  [4;36;1mPiece Load (0.2ms)[0m   [0;1mSELECT * FROM "pieces" WHERE ("pieces".portfolio_id = 1) [0m
  [4;35;1mUser Load (0.4ms)[0m   [0mSELECT * FROM "users" WHERE ("users"."id" = 1) [0m
Rendered styles/_form_css (0.5ms)
Completed in 86ms (View: 17, DB: 2) | 200 OK [http://0.0.0.0/users/1/portfolios/1]


Processing PortfoliosController#show (for 127.0.0.1 at 2009-11-09 14:55:58) [GET]
  Parameters: {"action"=>"show", "id"=>"1", "controller"=>"portfolios", "user_id"=>"1"}
  [4;36;1mUser Load (0.5ms)[0m   [0;1mSELECT * FROM "users" WHERE ("users"."id" = 1) LIMIT 1[0m
  [4;35;1mDesign Load (1.0ms)[0m   [0mSELECT * FROM "designs" WHERE ("designs".user_id = 1) LIMIT 1[0m
  [4;36;1mPortfolio Load (0.2ms)[0m   [0;1mSELECT * FROM "portfolios" WHERE ("portfolios".user_id = 1) LIMIT 1[0m
Rendering template within layouts/weefolio
Rendering portfolios/show
  [4;35;1mPiece Load (0.2ms)[0m   [0mSELECT * FROM "pieces" WHERE ("pieces".portfolio_id = 1) [0m
  [4;36;1mUser Load (0.5ms)[0m   [0;1mSELECT * FROM "users" WHERE ("users"."id" = 1) [0m
Rendered styles/_form_css (0.5ms)
Completed in 44ms (View: 17, DB: 2) | 200 OK [http://0.0.0.0/users/1/portfolios/1]


Processing DesignsController#edit (for 127.0.0.1 at 2009-11-09 14:56:06) [GET]
  Parameters: {"action"=>"edit", "id"=>"1", "controller"=>"designs", "user_id"=>"1"}
  [4;35;1mUser Load (0.5ms)[0m   [0mSELECT * FROM "users" WHERE ("users"."id" = 1) LIMIT 1[0m
  [4;36;1mDesign Load (0.5ms)[0m   [0;1mSELECT * FROM "designs" WHERE ("designs".user_id = 1) LIMIT 1[0m
Rendering template within layouts/template
Rendering designs/edit
Rendered layouts/_colourmod_include (2.3ms)
Rendered designs/_color_preview_styles (24.7ms)
  [4;35;1mPortfolio Load (0.2ms)[0m   [0mSELECT * FROM "portfolios" WHERE ("portfolios".user_id = 1) LIMIT 1[0m
Completed in 147ms (View: 130, DB: 1) | 200 OK [http://0.0.0.0/users/1/designs/1/edit]
New Relic Agent not running
** [Hoptoad] Notifier 1.2.4 ready to catch errors
  [4;36;1mSQL (1.6ms)[0m   [0;1m SELECT name
 FROM sqlite_master
 WHERE type = 'table' AND NOT name = 'sqlite_sequence'
[0m
  [4;35;1mSQL (0.7ms)[0m   [0mSELECT version FROM schema_migrations[0m
  [4;36;1mSQL (0.1ms)[0m   [0;1mselect sqlite_version(*)[0m
  [4;35;1mSQL (0.1ms)[0m   [0m SELECT name
 FROM sqlite_master
 WHERE type = 'table' AND NOT name = 'sqlite_sequence'
[0m
  [4;36;1mSQL (1.3ms)[0m   [0;1mCREATE TABLE "delayed_jobs" ("id" INTEGER PRIMARY KEY AUTOINCREMENT NOT NULL, "priority" integer DEFAULT 0, "attempts" integer DEFAULT 0, "handler" text, "last_error" text, "run_at" datetime, "locked_at" datetime, "failed_at" datetime, "locked_by" varchar(255), "created_at" datetime, "updated_at" datetime) [0m
  [4;35;1mSQL (0.1ms)[0m   [0m SELECT name
 FROM sqlite_master
 WHERE type = 'table' AND NOT name = 'sqlite_sequence'
[0m
  [4;36;1mSQL (17.9ms)[0m   [0;1mCREATE TABLE "designs" ("id" INTEGER PRIMARY KEY AUTOINCREMENT NOT NULL, "user_id" integer, "created_at" datetime, "updated_at" datetime, "background_color" varchar(255) DEFAULT '#dedddb', "background_align" varchar(255) DEFAULT 'center', "background_tile" varchar(255) DEFAULT 'repeat', "page_bg_color" varchar(255) DEFAULT '#fff', "link_color" varchar(255) DEFAULT '#72b225', "link_hover_color" varchar(255) DEFAULT '#242420', "link_img_border_color" varchar(255) DEFAULT '#f5f4f4', "text_color" varchar(255) DEFAULT '#767574', "text_size" integer DEFAULT 12, "text_font_1" varchar(255) DEFAULT 'Arial', "text_font_2" varchar(255) DEFAULT 'Helvetica', "text_serif" boolean DEFAULT 'f', "title_color" varchar(255) DEFAULT '#242420', "title_bold" boolean DEFAULT 'f', "title_italic" boolean DEFAULT 'f', "title_font" varchar(255) DEFAULT 'Georgia', "title_serif" boolean DEFAULT 't', "tagline_size" integer, "tagline_color" varchar(255) DEFAULT '#242420', "tagline_bold" boolean DEFAULT 'f', "tagline_italic" boolean DEFAULT 'f', "tagline_font" varchar(255) DEFAULT 'Georgia', "tagline_serif" boolean DEFAULT 't', "border_color" varchar(255) DEFAULT '#eee', "css_text" text, "header_image_file_name" varchar(255), "header_image_content_type" varchar(255), "header_image_file_size" integer, "header_image_updated_at" datetime, "layout_type" integer DEFAULT 1) [0m
  [4;35;1mSQL (0.2ms)[0m   [0m SELECT name
 FROM sqlite_master
 WHERE type = 'table' AND NOT name = 'sqlite_sequence'
[0m
  [4;36;1mSQL (2.2ms)[0m   [0;1mCREATE TABLE "pieces" ("id" INTEGER PRIMARY KEY AUTOINCREMENT NOT NULL, "title" varchar(255), "description" varchar(255), "price" decimal(10,2), "for_sale" boolean, "portfolio_id" integer, "created_at" datetime, "updated_at" datetime, "image_2_file_name" varchar(255), "image_2_content_type" varchar(255), "image_2_file_size" integer, "image_2_updated_at" datetime, "image_3_file_name" varchar(255), "image_3_content_type" varchar(255), "image_3_file_size" integer, "image_3_updated_at" datetime, "image_4_file_name" varchar(255), "image_4_content_type" varchar(255), "image_4_file_size" integer, "image_4_updated_at" datetime, "image_5_file_name" varchar(255), "image_5_content_type" varchar(255), "image_5_file_size" integer, "image_5_updated_at" datetime, "image_1_file_name" varchar(255), "image_1_content_type" varchar(255), "image_1_file_size" integer, "image_1_updated_at" datetime) [0m
  [4;35;1mSQL (0.2ms)[0m   [0m SELECT name
 FROM sqlite_master
 WHERE type = 'table' AND NOT name = 'sqlite_sequence'
[0m
  [4;36;1mSQL (1.2ms)[0m   [0;1mCREATE TABLE "portfolios" ("id" INTEGER PRIMARY KEY AUTOINCREMENT NOT NULL, "user_id" integer, "created_at" datetime, "updated_at" datetime) [0m
  [4;35;1mSQL (0.2ms)[0m   [0m SELECT name
 FROM sqlite_master
 WHERE type = 'table' AND NOT name = 'sqlite_sequence'
[0m
  [4;36;1mSQL (4.6ms)[0m   [0;1mCREATE TABLE "posts" ("id" INTEGER PRIMARY KEY AUTOINCREMENT NOT NULL, "title" varchar(255), "body" text, "author" varchar(255), "created_at" datetime, "updated_at" datetime) [0m
  [4;35;1mSQL (0.2ms)[0m   [0m SELECT name
 FROM sqlite_master
 WHERE type = 'table' AND NOT name = 'sqlite_sequence'
[0m
  [4;36;1mSQL (1.3ms)[0m   [0;1mCREATE TABLE "simple_captcha_data" ("id" INTEGER PRIMARY KEY AUTOINCREMENT NOT NULL, "key" varchar(40), "value" varchar(6), "created_at" datetime, "updated_at" datetime) [0m
  [4;35;1mSQL (0.3ms)[0m   [0m SELECT name
 FROM sqlite_master
 WHERE type = 'table' AND NOT name = 'sqlite_sequence'
[0m
  [4;36;1mSQL (1.7ms)[0m   [0;1mCREATE TABLE "users" ("id" INTEGER PRIMARY KEY AUTOINCREMENT NOT NULL, "login" varchar(40), "name" varchar(100) DEFAULT '', "email" varchar(100), "crypted_password" varchar(40), "salt" varchar(40), "created_at" datetime, "updated_at" datetime, "remember_token" varchar(40), "remember_token_expires_at" datetime, "activation_code" varchar(40), "activated_at" datetime, "first_name" varchar(255), "last_name" varchar(255), "about_me" text, "tag_line" varchar(500), "account_tier" integer DEFAULT 1, "photo_file_name" varchar(255), "photo_content_type" varchar(255), "photo_file_size" integer, "photo_updated_at" datetime, "design_type" integer DEFAULT 1, "admin_user" boolean DEFAULT 'f', "address1" varchar(255), "address2" varchar(255), "city" varchar(255), "state" varchar(255), "country" varchar(255), "zip" varchar(255), "card_number" varchar(255), "card_verification" varchar(255), "card_expiration_month" varchar(255), "card_expiration_year" varchar(255), "card_type" varchar(255)) [0m
  [4;35;1mSQL (1.5ms)[0m   [0mCREATE UNIQUE INDEX "index_users_on_login" ON "users" ("login")[0m
  [4;36;1mSQL (0.2ms)[0m   [0;1m SELECT name
 FROM sqlite_master
 WHERE type = 'table' AND NOT name = 'sqlite_sequence'
[0m
  [4;35;1mSQL (1.2ms)[0m   [0mCREATE TABLE "schema_migrations" ("version" varchar(255) NOT NULL) [0m
  [4;36;1mSQL (6.6ms)[0m   [0;1mCREATE UNIQUE INDEX "unique_schema_migrations" ON "schema_migrations" ("version")[0m
  [4;35;1mSQL (0.4ms)[0m   [0m SELECT name
 FROM sqlite_master
 WHERE type = 'table' AND NOT name = 'sqlite_sequence'
[0m
  [4;36;1mSQL (0.1ms)[0m   [0;1mSELECT version FROM "schema_migrations"[0m
  [4;35;1mSQL (1.3ms)[0m   [0mINSERT INTO "schema_migrations" (version) VALUES ('20091029045433')[0m
  [4;36;1mSQL (1.3ms)[0m   [0;1mINSERT INTO "schema_migrations" (version) VALUES ('20090718215859')[0m
  [4;35;1mSQL (4.3ms)[0m   [0mINSERT INTO "schema_migrations" (version) VALUES ('20090718220754')[0m
  [4;36;1mSQL (1.2ms)[0m   [0;1mINSERT INTO "schema_migrations" (version) VALUES ('20090719031854')[0m
  [4;35;1mSQL (1.1ms)[0m   [0mINSERT INTO "schema_migrations" (version) VALUES ('20090719032358')[0m
  [4;36;1mSQL (1.4ms)[0m   [0;1mINSERT INTO "schema_migrations" (version) VALUES ('20090719032501')[0m
  [4;35;1mSQL (1.4ms)[0m   [0mINSERT INTO "schema_migrations" (version) VALUES ('20090720145132')[0m
  [4;36;1mSQL (1.3ms)[0m   [0;1mINSERT INTO "schema_migrations" (version) VALUES ('20090720151551')[0m
  [4;35;1mSQL (1.2ms)[0m   [0mINSERT INTO "schema_migrations" (version) VALUES ('20090720202141')[0m
  [4;36;1mSQL (1.5ms)[0m   [0;1mINSERT INTO "schema_migrations" (version) VALUES ('20090720202338')[0m
  [4;35;1mSQL (1.2ms)[0m   [0mINSERT INTO "schema_migrations" (version) VALUES ('20090721033045')[0m
  [4;36;1mSQL (1.2ms)[0m   [0;1mINSERT INTO "schema_migrations" (version) VALUES ('20090721033319')[0m
  [4;35;1mSQL (1.1ms)[0m   [0mINSERT INTO "schema_migrations" (version) VALUES ('20090721152728')[0m
  [4;36;1mSQL (3.2ms)[0m   [0;1mINSERT INTO "schema_migrations" (version) VALUES ('20090721170213')[0m
  [4;35;1mSQL (1.2ms)[0m   [0mINSERT INTO "schema_migrations" (version) VALUES ('20090721170326')[0m
  [4;36;1mSQL (1.2ms)[0m   [0;1mINSERT INTO "schema_migrations" (version) VALUES ('20090721170409')[0m
  [4;35;1mSQL (1.2ms)[0m   [0mINSERT INTO "schema_migrations" (version) VALUES ('20090721170424')[0m
  [4;36;1mSQL (4.4ms)[0m   [0;1mINSERT INTO "schema_migrations" (version) VALUES ('20090721210418')[0m
  [4;35;1mSQL (1.2ms)[0m   [0mINSERT INTO "schema_migrations" (version) VALUES ('20090721210511')[0m
  [4;36;1mSQL (1.2ms)[0m   [0;1mINSERT INTO "schema_migrations" (version) VALUES ('20090805151853')[0m
  [4;35;1mSQL (1.4ms)[0m   [0mINSERT INTO "schema_migrations" (version) VALUES ('20090805164948')[0m
  [4;36;1mSQL (1.4ms)[0m   [0;1mINSERT INTO "schema_migrations" (version) VALUES ('20090805171338')[0m
  [4;35;1mSQL (1.3ms)[0m   [0mINSERT INTO "schema_migrations" (version) VALUES ('20090805171518')[0m
  [4;36;1mSQL (1.2ms)[0m   [0;1mINSERT INTO "schema_migrations" (version) VALUES ('20090805174329')[0m
  [4;35;1mSQL (1.5ms)[0m   [0mINSERT INTO "schema_migrations" (version) VALUES ('20090805191833')[0m
  [4;36;1mSQL (1.2ms)[0m   [0;1mINSERT INTO "schema_migrations" (version) VALUES ('20090805192350')[0m
  [4;35;1mSQL (1.3ms)[0m   [0mINSERT INTO "schema_migrations" (version) VALUES ('20090805192452')[0m
  [4;36;1mSQL (1.2ms)[0m   [0;1mINSERT INTO "schema_migrations" (version) VALUES ('20090811184907')[0m
  [4;35;1mSQL (3.0ms)[0m   [0mINSERT INTO "schema_migrations" (version) VALUES ('20090811195015')[0m
  [4;36;1mSQL (1.3ms)[0m   [0;1mINSERT INTO "schema_migrations" (version) VALUES ('20090813023933')[0m
  [4;35;1mSQL (1.3ms)[0m   [0mINSERT INTO "schema_migrations" (version) VALUES ('20090818205835')[0m
  [4;36;1mSQL (1.5ms)[0m   [0;1mINSERT INTO "schema_migrations" (version) VALUES ('20090818210320')[0m
  [4;35;1mSQL (1.3ms)[0m   [0mINSERT INTO "schema_migrations" (version) VALUES ('20090917042124')[0m
Starting the New Relic Agent
  [4;36;1mSQL (1.0ms)[0m   [0;1m SELECT name
 FROM sqlite_master
 WHERE type = 'table' AND NOT name = 'sqlite_sequence'
[0m
  [4;35;1mSQL (0.8ms)[0m   [0mSELECT version FROM schema_migrations[0m
** [Hoptoad] Notifier 1.2.4 ready to catch errors


Processing MainPagesController#home (for 127.0.0.1 at 2009-12-30 13:14:03) [GET]
  Parameters: {"action"=>"home", "controller"=>"main_pages"}
Rendering template within layouts/template
Rendering main_pages/home
Completed in 105ms (View: 105, DB: 0) | 200 OK [http://0.0.0.0/]


Processing UsersController#new (for 127.0.0.1 at 2009-12-30 13:14:20) [GET]
  Parameters: {"action"=>"new", "controller"=>"users"}
Rendering template within layouts/template
Rendering users/new
Completed in 96ms (View: 21, DB: 0) | 200 OK [http://0.0.0.0/signup]
